<?xml version="1.0" encoding="UTF-8"?>
<testsuite xmlns:xsi="http://www.w3.org/2001/XMLSchema-instance" xsi:noNamespaceSchemaLocation="https://maven.apache.org/surefire/maven-surefire-plugin/xsd/surefire-test-report.xsd" name="cn.edu.wzut.BackApplicationTests" time="12.244" tests="1" errors="0" skipped="0" failures="0">
  <properties>
    <property name="sun.desktop" value="windows"/>
    <property name="awt.toolkit" value="sun.awt.windows.WToolkit"/>
    <property name="file.encoding.pkg" value="sun.io"/>
    <property name="java.specification.version" value="1.8"/>
    <property name="sun.cpu.isalist" value="amd64"/>
    <property name="sun.jnu.encoding" value="GBK"/>
    <property name="java.class.path" value="D:\Study\project\管理系统\back\target\test-classes;D:\Study\project\管理系统\back\target\classes;D:\software\apache-maven-3.8.4\mvn_repo\org\springframework\boot\spring-boot-starter-web\2.7.1\spring-boot-starter-web-2.7.1.jar;D:\software\apache-maven-3.8.4\mvn_repo\org\springframework\boot\spring-boot-starter\2.7.1\spring-boot-starter-2.7.1.jar;D:\software\apache-maven-3.8.4\mvn_repo\org\springframework\boot\spring-boot-starter-logging\2.7.1\spring-boot-starter-logging-2.7.1.jar;D:\software\apache-maven-3.8.4\mvn_repo\ch\qos\logback\logback-classic\1.2.11\logback-classic-1.2.11.jar;D:\software\apache-maven-3.8.4\mvn_repo\ch\qos\logback\logback-core\1.2.11\logback-core-1.2.11.jar;D:\software\apache-maven-3.8.4\mvn_repo\org\apache\logging\log4j\log4j-to-slf4j\2.17.2\log4j-to-slf4j-2.17.2.jar;D:\software\apache-maven-3.8.4\mvn_repo\org\apache\logging\log4j\log4j-api\2.17.2\log4j-api-2.17.2.jar;D:\software\apache-maven-3.8.4\mvn_repo\org\slf4j\jul-to-slf4j\1.7.36\jul-to-slf4j-1.7.36.jar;D:\software\apache-maven-3.8.4\mvn_repo\jakarta\annotation\jakarta.annotation-api\1.3.5\jakarta.annotation-api-1.3.5.jar;D:\software\apache-maven-3.8.4\mvn_repo\org\yaml\snakeyaml\1.30\snakeyaml-1.30.jar;D:\software\apache-maven-3.8.4\mvn_repo\org\springframework\boot\spring-boot-starter-json\2.7.1\spring-boot-starter-json-2.7.1.jar;D:\software\apache-maven-3.8.4\mvn_repo\com\fasterxml\jackson\datatype\jackson-datatype-jdk8\2.13.3\jackson-datatype-jdk8-2.13.3.jar;D:\software\apache-maven-3.8.4\mvn_repo\com\fasterxml\jackson\datatype\jackson-datatype-jsr310\2.13.3\jackson-datatype-jsr310-2.13.3.jar;D:\software\apache-maven-3.8.4\mvn_repo\com\fasterxml\jackson\module\jackson-module-parameter-names\2.13.3\jackson-module-parameter-names-2.13.3.jar;D:\software\apache-maven-3.8.4\mvn_repo\org\springframework\boot\spring-boot-starter-tomcat\2.7.1\spring-boot-starter-tomcat-2.7.1.jar;D:\software\apache-maven-3.8.4\mvn_repo\org\apache\tomcat\embed\tomcat-embed-core\9.0.64\tomcat-embed-core-9.0.64.jar;D:\software\apache-maven-3.8.4\mvn_repo\org\apache\tomcat\embed\tomcat-embed-el\9.0.64\tomcat-embed-el-9.0.64.jar;D:\software\apache-maven-3.8.4\mvn_repo\org\apache\tomcat\embed\tomcat-embed-websocket\9.0.64\tomcat-embed-websocket-9.0.64.jar;D:\software\apache-maven-3.8.4\mvn_repo\org\springframework\spring-web\5.3.21\spring-web-5.3.21.jar;D:\software\apache-maven-3.8.4\mvn_repo\org\springframework\spring-beans\5.3.21\spring-beans-5.3.21.jar;D:\software\apache-maven-3.8.4\mvn_repo\org\springframework\spring-webmvc\5.3.21\spring-webmvc-5.3.21.jar;D:\software\apache-maven-3.8.4\mvn_repo\org\springframework\spring-context\5.3.21\spring-context-5.3.21.jar;D:\software\apache-maven-3.8.4\mvn_repo\org\springframework\spring-expression\5.3.21\spring-expression-5.3.21.jar;D:\software\apache-maven-3.8.4\mvn_repo\com\baomidou\mybatis-plus-boot-starter\3.5.2\mybatis-plus-boot-starter-3.5.2.jar;D:\software\apache-maven-3.8.4\mvn_repo\com\baomidou\mybatis-plus\3.5.2\mybatis-plus-3.5.2.jar;D:\software\apache-maven-3.8.4\mvn_repo\com\baomidou\mybatis-plus-extension\3.5.2\mybatis-plus-extension-3.5.2.jar;D:\software\apache-maven-3.8.4\mvn_repo\com\baomidou\mybatis-plus-core\3.5.2\mybatis-plus-core-3.5.2.jar;D:\software\apache-maven-3.8.4\mvn_repo\com\baomidou\mybatis-plus-annotation\3.5.2\mybatis-plus-annotation-3.5.2.jar;D:\software\apache-maven-3.8.4\mvn_repo\com\github\jsqlparser\jsqlparser\4.4\jsqlparser-4.4.jar;D:\software\apache-maven-3.8.4\mvn_repo\org\mybatis\mybatis\3.5.10\mybatis-3.5.10.jar;D:\software\apache-maven-3.8.4\mvn_repo\org\mybatis\mybatis-spring\2.0.7\mybatis-spring-2.0.7.jar;D:\software\apache-maven-3.8.4\mvn_repo\org\jetbrains\kotlin\kotlin-stdlib-jdk8\1.6.21\kotlin-stdlib-jdk8-1.6.21.jar;D:\software\apache-maven-3.8.4\mvn_repo\org\jetbrains\kotlin\kotlin-stdlib\1.6.21\kotlin-stdlib-1.6.21.jar;D:\software\apache-maven-3.8.4\mvn_repo\org\jetbrains\kotlin\kotlin-stdlib-common\1.6.21\kotlin-stdlib-common-1.6.21.jar;D:\software\apache-maven-3.8.4\mvn_repo\org\jetbrains\annotations\13.0\annotations-13.0.jar;D:\software\apache-maven-3.8.4\mvn_repo\org\jetbrains\kotlin\kotlin-stdlib-jdk7\1.6.21\kotlin-stdlib-jdk7-1.6.21.jar;D:\software\apache-maven-3.8.4\mvn_repo\org\springframework\boot\spring-boot-autoconfigure\2.7.1\spring-boot-autoconfigure-2.7.1.jar;D:\software\apache-maven-3.8.4\mvn_repo\org\springframework\boot\spring-boot-starter-jdbc\2.7.1\spring-boot-starter-jdbc-2.7.1.jar;D:\software\apache-maven-3.8.4\mvn_repo\com\zaxxer\HikariCP\4.0.3\HikariCP-4.0.3.jar;D:\software\apache-maven-3.8.4\mvn_repo\org\springframework\spring-jdbc\5.3.21\spring-jdbc-5.3.21.jar;D:\software\apache-maven-3.8.4\mvn_repo\com\baomidou\mybatis-plus-boot-starter-test\3.5.2\mybatis-plus-boot-starter-test-3.5.2.jar;D:\software\apache-maven-3.8.4\mvn_repo\org\springframework\spring-tx\5.3.21\spring-tx-5.3.21.jar;D:\software\apache-maven-3.8.4\mvn_repo\com\baomidou\mybatis-plus-generator\3.5.2\mybatis-plus-generator-3.5.2.jar;D:\software\apache-maven-3.8.4\mvn_repo\org\springframework\boot\spring-boot-starter-freemarker\2.7.1\spring-boot-starter-freemarker-2.7.1.jar;D:\software\apache-maven-3.8.4\mvn_repo\org\freemarker\freemarker\2.3.31\freemarker-2.3.31.jar;D:\software\apache-maven-3.8.4\mvn_repo\org\springframework\spring-context-support\5.3.21\spring-context-support-5.3.21.jar;D:\software\apache-maven-3.8.4\mvn_repo\mysql\mysql-connector-java\8.0.29\mysql-connector-java-8.0.29.jar;D:\software\apache-maven-3.8.4\mvn_repo\org\springframework\boot\spring-boot-starter-security\2.7.1\spring-boot-starter-security-2.7.1.jar;D:\software\apache-maven-3.8.4\mvn_repo\org\springframework\spring-aop\5.3.21\spring-aop-5.3.21.jar;D:\software\apache-maven-3.8.4\mvn_repo\org\springframework\security\spring-security-config\5.7.2\spring-security-config-5.7.2.jar;D:\software\apache-maven-3.8.4\mvn_repo\org\springframework\security\spring-security-core\5.7.2\spring-security-core-5.7.2.jar;D:\software\apache-maven-3.8.4\mvn_repo\org\springframework\security\spring-security-crypto\5.7.2\spring-security-crypto-5.7.2.jar;D:\software\apache-maven-3.8.4\mvn_repo\org\springframework\security\spring-security-web\5.7.2\spring-security-web-5.7.2.jar;D:\software\apache-maven-3.8.4\mvn_repo\redis\clients\jedis\2.9.3\jedis-2.9.3.jar;D:\software\apache-maven-3.8.4\mvn_repo\org\slf4j\slf4j-api\1.7.36\slf4j-api-1.7.36.jar;D:\software\apache-maven-3.8.4\mvn_repo\org\apache\commons\commons-pool2\2.11.1\commons-pool2-2.11.1.jar;D:\software\apache-maven-3.8.4\mvn_repo\org\springframework\boot\spring-boot-starter-data-redis\2.7.1\spring-boot-starter-data-redis-2.7.1.jar;D:\software\apache-maven-3.8.4\mvn_repo\org\springframework\data\spring-data-redis\2.7.1\spring-data-redis-2.7.1.jar;D:\software\apache-maven-3.8.4\mvn_repo\org\springframework\data\spring-data-keyvalue\2.7.1\spring-data-keyvalue-2.7.1.jar;D:\software\apache-maven-3.8.4\mvn_repo\org\springframework\data\spring-data-commons\2.7.1\spring-data-commons-2.7.1.jar;D:\software\apache-maven-3.8.4\mvn_repo\org\springframework\spring-oxm\5.3.21\spring-oxm-5.3.21.jar;D:\software\apache-maven-3.8.4\mvn_repo\io\lettuce\lettuce-core\6.1.8.RELEASE\lettuce-core-6.1.8.RELEASE.jar;D:\software\apache-maven-3.8.4\mvn_repo\io\netty\netty-common\4.1.78.Final\netty-common-4.1.78.Final.jar;D:\software\apache-maven-3.8.4\mvn_repo\io\netty\netty-handler\4.1.78.Final\netty-handler-4.1.78.Final.jar;D:\software\apache-maven-3.8.4\mvn_repo\io\netty\netty-resolver\4.1.78.Final\netty-resolver-4.1.78.Final.jar;D:\software\apache-maven-3.8.4\mvn_repo\io\netty\netty-buffer\4.1.78.Final\netty-buffer-4.1.78.Final.jar;D:\software\apache-maven-3.8.4\mvn_repo\io\netty\netty-transport-native-unix-common\4.1.78.Final\netty-transport-native-unix-common-4.1.78.Final.jar;D:\software\apache-maven-3.8.4\mvn_repo\io\netty\netty-codec\4.1.78.Final\netty-codec-4.1.78.Final.jar;D:\software\apache-maven-3.8.4\mvn_repo\io\netty\netty-transport\4.1.78.Final\netty-transport-4.1.78.Final.jar;D:\software\apache-maven-3.8.4\mvn_repo\io\projectreactor\reactor-core\3.4.19\reactor-core-3.4.19.jar;D:\software\apache-maven-3.8.4\mvn_repo\org\reactivestreams\reactive-streams\1.0.4\reactive-streams-1.0.4.jar;D:\software\apache-maven-3.8.4\mvn_repo\io\jsonwebtoken\jjwt\0.9.1\jjwt-0.9.1.jar;D:\software\apache-maven-3.8.4\mvn_repo\com\fasterxml\jackson\core\jackson-databind\2.13.3\jackson-databind-2.13.3.jar;D:\software\apache-maven-3.8.4\mvn_repo\com\fasterxml\jackson\core\jackson-annotations\2.13.3\jackson-annotations-2.13.3.jar;D:\software\apache-maven-3.8.4\mvn_repo\com\fasterxml\jackson\core\jackson-core\2.13.3\jackson-core-2.13.3.jar;D:\software\apache-maven-3.8.4\mvn_repo\com\github\axet\kaptcha\0.0.9\kaptcha-0.0.9.jar;D:\software\apache-maven-3.8.4\mvn_repo\com\jhlabs\filters\2.0.235\filters-2.0.235.jar;D:\software\apache-maven-3.8.4\mvn_repo\cn\hutool\hutool-all\5.8.3\hutool-all-5.8.3.jar;D:\software\apache-maven-3.8.4\mvn_repo\org\apache\commons\commons-lang3\3.12.0\commons-lang3-3.12.0.jar;D:\software\apache-maven-3.8.4\mvn_repo\org\springframework\boot\spring-boot-devtools\2.7.1\spring-boot-devtools-2.7.1.jar;D:\software\apache-maven-3.8.4\mvn_repo\org\springframework\boot\spring-boot\2.7.1\spring-boot-2.7.1.jar;D:\software\apache-maven-3.8.4\mvn_repo\org\projectlombok\lombok\1.18.24\lombok-1.18.24.jar;D:\software\apache-maven-3.8.4\mvn_repo\org\springframework\boot\spring-boot-configuration-processor\2.7.1\spring-boot-configuration-processor-2.7.1.jar;D:\software\apache-maven-3.8.4\mvn_repo\org\springframework\boot\spring-boot-starter-actuator\2.7.1\spring-boot-starter-actuator-2.7.1.jar;D:\software\apache-maven-3.8.4\mvn_repo\org\springframework\boot\spring-boot-actuator-autoconfigure\2.7.1\spring-boot-actuator-autoconfigure-2.7.1.jar;D:\software\apache-maven-3.8.4\mvn_repo\org\springframework\boot\spring-boot-actuator\2.7.1\spring-boot-actuator-2.7.1.jar;D:\software\apache-maven-3.8.4\mvn_repo\io\micrometer\micrometer-core\1.9.1\micrometer-core-1.9.1.jar;D:\software\apache-maven-3.8.4\mvn_repo\org\hdrhistogram\HdrHistogram\2.1.12\HdrHistogram-2.1.12.jar;D:\software\apache-maven-3.8.4\mvn_repo\org\latencyutils\LatencyUtils\2.0.3\LatencyUtils-2.0.3.jar;D:\software\apache-maven-3.8.4\mvn_repo\org\springframework\boot\spring-boot-starter-test\2.7.1\spring-boot-starter-test-2.7.1.jar;D:\software\apache-maven-3.8.4\mvn_repo\org\springframework\boot\spring-boot-test\2.7.1\spring-boot-test-2.7.1.jar;D:\software\apache-maven-3.8.4\mvn_repo\org\springframework\boot\spring-boot-test-autoconfigure\2.7.1\spring-boot-test-autoconfigure-2.7.1.jar;D:\software\apache-maven-3.8.4\mvn_repo\com\jayway\jsonpath\json-path\2.7.0\json-path-2.7.0.jar;D:\software\apache-maven-3.8.4\mvn_repo\net\minidev\json-smart\2.4.8\json-smart-2.4.8.jar;D:\software\apache-maven-3.8.4\mvn_repo\net\minidev\accessors-smart\2.4.8\accessors-smart-2.4.8.jar;D:\software\apache-maven-3.8.4\mvn_repo\org\ow2\asm\asm\9.1\asm-9.1.jar;D:\software\apache-maven-3.8.4\mvn_repo\jakarta\xml\bind\jakarta.xml.bind-api\2.3.3\jakarta.xml.bind-api-2.3.3.jar;D:\software\apache-maven-3.8.4\mvn_repo\jakarta\activation\jakarta.activation-api\1.2.2\jakarta.activation-api-1.2.2.jar;D:\software\apache-maven-3.8.4\mvn_repo\org\assertj\assertj-core\3.22.0\assertj-core-3.22.0.jar;D:\software\apache-maven-3.8.4\mvn_repo\org\hamcrest\hamcrest\2.2\hamcrest-2.2.jar;D:\software\apache-maven-3.8.4\mvn_repo\org\junit\jupiter\junit-jupiter\5.8.2\junit-jupiter-5.8.2.jar;D:\software\apache-maven-3.8.4\mvn_repo\org\junit\jupiter\junit-jupiter-api\5.8.2\junit-jupiter-api-5.8.2.jar;D:\software\apache-maven-3.8.4\mvn_repo\org\opentest4j\opentest4j\1.2.0\opentest4j-1.2.0.jar;D:\software\apache-maven-3.8.4\mvn_repo\org\junit\platform\junit-platform-commons\1.8.2\junit-platform-commons-1.8.2.jar;D:\software\apache-maven-3.8.4\mvn_repo\org\apiguardian\apiguardian-api\1.1.2\apiguardian-api-1.1.2.jar;D:\software\apache-maven-3.8.4\mvn_repo\org\junit\jupiter\junit-jupiter-params\5.8.2\junit-jupiter-params-5.8.2.jar;D:\software\apache-maven-3.8.4\mvn_repo\org\junit\jupiter\junit-jupiter-engine\5.8.2\junit-jupiter-engine-5.8.2.jar;D:\software\apache-maven-3.8.4\mvn_repo\org\junit\platform\junit-platform-engine\1.8.2\junit-platform-engine-1.8.2.jar;D:\software\apache-maven-3.8.4\mvn_repo\org\mockito\mockito-core\4.5.1\mockito-core-4.5.1.jar;D:\software\apache-maven-3.8.4\mvn_repo\net\bytebuddy\byte-buddy\1.12.11\byte-buddy-1.12.11.jar;D:\software\apache-maven-3.8.4\mvn_repo\net\bytebuddy\byte-buddy-agent\1.12.11\byte-buddy-agent-1.12.11.jar;D:\software\apache-maven-3.8.4\mvn_repo\org\objenesis\objenesis\3.2\objenesis-3.2.jar;D:\software\apache-maven-3.8.4\mvn_repo\org\mockito\mockito-junit-jupiter\4.5.1\mockito-junit-jupiter-4.5.1.jar;D:\software\apache-maven-3.8.4\mvn_repo\org\skyscreamer\jsonassert\1.5.0\jsonassert-1.5.0.jar;D:\software\apache-maven-3.8.4\mvn_repo\com\vaadin\external\google\android-json\0.0.20131108.vaadin1\android-json-0.0.20131108.vaadin1.jar;D:\software\apache-maven-3.8.4\mvn_repo\org\springframework\spring-core\5.3.21\spring-core-5.3.21.jar;D:\software\apache-maven-3.8.4\mvn_repo\org\springframework\spring-jcl\5.3.21\spring-jcl-5.3.21.jar;D:\software\apache-maven-3.8.4\mvn_repo\org\springframework\spring-test\5.3.21\spring-test-5.3.21.jar;D:\software\apache-maven-3.8.4\mvn_repo\org\xmlunit\xmlunit-core\2.9.0\xmlunit-core-2.9.0.jar;"/>
    <property name="java.vm.vendor" value="Oracle Corporation"/>
    <property name="sun.arch.data.model" value="64"/>
    <property name="user.variant" value=""/>
    <property name="java.vendor.url" value="http://java.oracle.com/"/>
    <property name="user.timezone" value="Asia/Shanghai"/>
    <property name="java.vm.specification.version" value="1.8"/>
    <property name="os.name" value="Windows 10"/>
    <property name="user.country" value="CN"/>
    <property name="sun.java.launcher" value="SUN_STANDARD"/>
    <property name="sun.boot.library.path" value="D:\Java\jre\bin"/>
    <property name="sun.java.command" value="C:\Users\zcz\AppData\Local\Temp\surefire5359694662957537262\surefirebooter6056488313938617481.jar C:\Users\zcz\AppData\Local\Temp\surefire5359694662957537262 2022-07-03T17-37-50_715-jvmRun1 surefire8626961473936937358tmp surefire_08845409625464600474tmp"/>
    <property name="surefire.test.class.path" value="D:\Study\project\管理系统\back\target\test-classes;D:\Study\project\管理系统\back\target\classes;D:\software\apache-maven-3.8.4\mvn_repo\org\springframework\boot\spring-boot-starter-web\2.7.1\spring-boot-starter-web-2.7.1.jar;D:\software\apache-maven-3.8.4\mvn_repo\org\springframework\boot\spring-boot-starter\2.7.1\spring-boot-starter-2.7.1.jar;D:\software\apache-maven-3.8.4\mvn_repo\org\springframework\boot\spring-boot-starter-logging\2.7.1\spring-boot-starter-logging-2.7.1.jar;D:\software\apache-maven-3.8.4\mvn_repo\ch\qos\logback\logback-classic\1.2.11\logback-classic-1.2.11.jar;D:\software\apache-maven-3.8.4\mvn_repo\ch\qos\logback\logback-core\1.2.11\logback-core-1.2.11.jar;D:\software\apache-maven-3.8.4\mvn_repo\org\apache\logging\log4j\log4j-to-slf4j\2.17.2\log4j-to-slf4j-2.17.2.jar;D:\software\apache-maven-3.8.4\mvn_repo\org\apache\logging\log4j\log4j-api\2.17.2\log4j-api-2.17.2.jar;D:\software\apache-maven-3.8.4\mvn_repo\org\slf4j\jul-to-slf4j\1.7.36\jul-to-slf4j-1.7.36.jar;D:\software\apache-maven-3.8.4\mvn_repo\jakarta\annotation\jakarta.annotation-api\1.3.5\jakarta.annotation-api-1.3.5.jar;D:\software\apache-maven-3.8.4\mvn_repo\org\yaml\snakeyaml\1.30\snakeyaml-1.30.jar;D:\software\apache-maven-3.8.4\mvn_repo\org\springframework\boot\spring-boot-starter-json\2.7.1\spring-boot-starter-json-2.7.1.jar;D:\software\apache-maven-3.8.4\mvn_repo\com\fasterxml\jackson\datatype\jackson-datatype-jdk8\2.13.3\jackson-datatype-jdk8-2.13.3.jar;D:\software\apache-maven-3.8.4\mvn_repo\com\fasterxml\jackson\datatype\jackson-datatype-jsr310\2.13.3\jackson-datatype-jsr310-2.13.3.jar;D:\software\apache-maven-3.8.4\mvn_repo\com\fasterxml\jackson\module\jackson-module-parameter-names\2.13.3\jackson-module-parameter-names-2.13.3.jar;D:\software\apache-maven-3.8.4\mvn_repo\org\springframework\boot\spring-boot-starter-tomcat\2.7.1\spring-boot-starter-tomcat-2.7.1.jar;D:\software\apache-maven-3.8.4\mvn_repo\org\apache\tomcat\embed\tomcat-embed-core\9.0.64\tomcat-embed-core-9.0.64.jar;D:\software\apache-maven-3.8.4\mvn_repo\org\apache\tomcat\embed\tomcat-embed-el\9.0.64\tomcat-embed-el-9.0.64.jar;D:\software\apache-maven-3.8.4\mvn_repo\org\apache\tomcat\embed\tomcat-embed-websocket\9.0.64\tomcat-embed-websocket-9.0.64.jar;D:\software\apache-maven-3.8.4\mvn_repo\org\springframework\spring-web\5.3.21\spring-web-5.3.21.jar;D:\software\apache-maven-3.8.4\mvn_repo\org\springframework\spring-beans\5.3.21\spring-beans-5.3.21.jar;D:\software\apache-maven-3.8.4\mvn_repo\org\springframework\spring-webmvc\5.3.21\spring-webmvc-5.3.21.jar;D:\software\apache-maven-3.8.4\mvn_repo\org\springframework\spring-context\5.3.21\spring-context-5.3.21.jar;D:\software\apache-maven-3.8.4\mvn_repo\org\springframework\spring-expression\5.3.21\spring-expression-5.3.21.jar;D:\software\apache-maven-3.8.4\mvn_repo\com\baomidou\mybatis-plus-boot-starter\3.5.2\mybatis-plus-boot-starter-3.5.2.jar;D:\software\apache-maven-3.8.4\mvn_repo\com\baomidou\mybatis-plus\3.5.2\mybatis-plus-3.5.2.jar;D:\software\apache-maven-3.8.4\mvn_repo\com\baomidou\mybatis-plus-extension\3.5.2\mybatis-plus-extension-3.5.2.jar;D:\software\apache-maven-3.8.4\mvn_repo\com\baomidou\mybatis-plus-core\3.5.2\mybatis-plus-core-3.5.2.jar;D:\software\apache-maven-3.8.4\mvn_repo\com\baomidou\mybatis-plus-annotation\3.5.2\mybatis-plus-annotation-3.5.2.jar;D:\software\apache-maven-3.8.4\mvn_repo\com\github\jsqlparser\jsqlparser\4.4\jsqlparser-4.4.jar;D:\software\apache-maven-3.8.4\mvn_repo\org\mybatis\mybatis\3.5.10\mybatis-3.5.10.jar;D:\software\apache-maven-3.8.4\mvn_repo\org\mybatis\mybatis-spring\2.0.7\mybatis-spring-2.0.7.jar;D:\software\apache-maven-3.8.4\mvn_repo\org\jetbrains\kotlin\kotlin-stdlib-jdk8\1.6.21\kotlin-stdlib-jdk8-1.6.21.jar;D:\software\apache-maven-3.8.4\mvn_repo\org\jetbrains\kotlin\kotlin-stdlib\1.6.21\kotlin-stdlib-1.6.21.jar;D:\software\apache-maven-3.8.4\mvn_repo\org\jetbrains\kotlin\kotlin-stdlib-common\1.6.21\kotlin-stdlib-common-1.6.21.jar;D:\software\apache-maven-3.8.4\mvn_repo\org\jetbrains\annotations\13.0\annotations-13.0.jar;D:\software\apache-maven-3.8.4\mvn_repo\org\jetbrains\kotlin\kotlin-stdlib-jdk7\1.6.21\kotlin-stdlib-jdk7-1.6.21.jar;D:\software\apache-maven-3.8.4\mvn_repo\org\springframework\boot\spring-boot-autoconfigure\2.7.1\spring-boot-autoconfigure-2.7.1.jar;D:\software\apache-maven-3.8.4\mvn_repo\org\springframework\boot\spring-boot-starter-jdbc\2.7.1\spring-boot-starter-jdbc-2.7.1.jar;D:\software\apache-maven-3.8.4\mvn_repo\com\zaxxer\HikariCP\4.0.3\HikariCP-4.0.3.jar;D:\software\apache-maven-3.8.4\mvn_repo\org\springframework\spring-jdbc\5.3.21\spring-jdbc-5.3.21.jar;D:\software\apache-maven-3.8.4\mvn_repo\com\baomidou\mybatis-plus-boot-starter-test\3.5.2\mybatis-plus-boot-starter-test-3.5.2.jar;D:\software\apache-maven-3.8.4\mvn_repo\org\springframework\spring-tx\5.3.21\spring-tx-5.3.21.jar;D:\software\apache-maven-3.8.4\mvn_repo\com\baomidou\mybatis-plus-generator\3.5.2\mybatis-plus-generator-3.5.2.jar;D:\software\apache-maven-3.8.4\mvn_repo\org\springframework\boot\spring-boot-starter-freemarker\2.7.1\spring-boot-starter-freemarker-2.7.1.jar;D:\software\apache-maven-3.8.4\mvn_repo\org\freemarker\freemarker\2.3.31\freemarker-2.3.31.jar;D:\software\apache-maven-3.8.4\mvn_repo\org\springframework\spring-context-support\5.3.21\spring-context-support-5.3.21.jar;D:\software\apache-maven-3.8.4\mvn_repo\mysql\mysql-connector-java\8.0.29\mysql-connector-java-8.0.29.jar;D:\software\apache-maven-3.8.4\mvn_repo\org\springframework\boot\spring-boot-starter-security\2.7.1\spring-boot-starter-security-2.7.1.jar;D:\software\apache-maven-3.8.4\mvn_repo\org\springframework\spring-aop\5.3.21\spring-aop-5.3.21.jar;D:\software\apache-maven-3.8.4\mvn_repo\org\springframework\security\spring-security-config\5.7.2\spring-security-config-5.7.2.jar;D:\software\apache-maven-3.8.4\mvn_repo\org\springframework\security\spring-security-core\5.7.2\spring-security-core-5.7.2.jar;D:\software\apache-maven-3.8.4\mvn_repo\org\springframework\security\spring-security-crypto\5.7.2\spring-security-crypto-5.7.2.jar;D:\software\apache-maven-3.8.4\mvn_repo\org\springframework\security\spring-security-web\5.7.2\spring-security-web-5.7.2.jar;D:\software\apache-maven-3.8.4\mvn_repo\redis\clients\jedis\2.9.3\jedis-2.9.3.jar;D:\software\apache-maven-3.8.4\mvn_repo\org\slf4j\slf4j-api\1.7.36\slf4j-api-1.7.36.jar;D:\software\apache-maven-3.8.4\mvn_repo\org\apache\commons\commons-pool2\2.11.1\commons-pool2-2.11.1.jar;D:\software\apache-maven-3.8.4\mvn_repo\org\springframework\boot\spring-boot-starter-data-redis\2.7.1\spring-boot-starter-data-redis-2.7.1.jar;D:\software\apache-maven-3.8.4\mvn_repo\org\springframework\data\spring-data-redis\2.7.1\spring-data-redis-2.7.1.jar;D:\software\apache-maven-3.8.4\mvn_repo\org\springframework\data\spring-data-keyvalue\2.7.1\spring-data-keyvalue-2.7.1.jar;D:\software\apache-maven-3.8.4\mvn_repo\org\springframework\data\spring-data-commons\2.7.1\spring-data-commons-2.7.1.jar;D:\software\apache-maven-3.8.4\mvn_repo\org\springframework\spring-oxm\5.3.21\spring-oxm-5.3.21.jar;D:\software\apache-maven-3.8.4\mvn_repo\io\lettuce\lettuce-core\6.1.8.RELEASE\lettuce-core-6.1.8.RELEASE.jar;D:\software\apache-maven-3.8.4\mvn_repo\io\netty\netty-common\4.1.78.Final\netty-common-4.1.78.Final.jar;D:\software\apache-maven-3.8.4\mvn_repo\io\netty\netty-handler\4.1.78.Final\netty-handler-4.1.78.Final.jar;D:\software\apache-maven-3.8.4\mvn_repo\io\netty\netty-resolver\4.1.78.Final\netty-resolver-4.1.78.Final.jar;D:\software\apache-maven-3.8.4\mvn_repo\io\netty\netty-buffer\4.1.78.Final\netty-buffer-4.1.78.Final.jar;D:\software\apache-maven-3.8.4\mvn_repo\io\netty\netty-transport-native-unix-common\4.1.78.Final\netty-transport-native-unix-common-4.1.78.Final.jar;D:\software\apache-maven-3.8.4\mvn_repo\io\netty\netty-codec\4.1.78.Final\netty-codec-4.1.78.Final.jar;D:\software\apache-maven-3.8.4\mvn_repo\io\netty\netty-transport\4.1.78.Final\netty-transport-4.1.78.Final.jar;D:\software\apache-maven-3.8.4\mvn_repo\io\projectreactor\reactor-core\3.4.19\reactor-core-3.4.19.jar;D:\software\apache-maven-3.8.4\mvn_repo\org\reactivestreams\reactive-streams\1.0.4\reactive-streams-1.0.4.jar;D:\software\apache-maven-3.8.4\mvn_repo\io\jsonwebtoken\jjwt\0.9.1\jjwt-0.9.1.jar;D:\software\apache-maven-3.8.4\mvn_repo\com\fasterxml\jackson\core\jackson-databind\2.13.3\jackson-databind-2.13.3.jar;D:\software\apache-maven-3.8.4\mvn_repo\com\fasterxml\jackson\core\jackson-annotations\2.13.3\jackson-annotations-2.13.3.jar;D:\software\apache-maven-3.8.4\mvn_repo\com\fasterxml\jackson\core\jackson-core\2.13.3\jackson-core-2.13.3.jar;D:\software\apache-maven-3.8.4\mvn_repo\com\github\axet\kaptcha\0.0.9\kaptcha-0.0.9.jar;D:\software\apache-maven-3.8.4\mvn_repo\com\jhlabs\filters\2.0.235\filters-2.0.235.jar;D:\software\apache-maven-3.8.4\mvn_repo\cn\hutool\hutool-all\5.8.3\hutool-all-5.8.3.jar;D:\software\apache-maven-3.8.4\mvn_repo\org\apache\commons\commons-lang3\3.12.0\commons-lang3-3.12.0.jar;D:\software\apache-maven-3.8.4\mvn_repo\org\springframework\boot\spring-boot-devtools\2.7.1\spring-boot-devtools-2.7.1.jar;D:\software\apache-maven-3.8.4\mvn_repo\org\springframework\boot\spring-boot\2.7.1\spring-boot-2.7.1.jar;D:\software\apache-maven-3.8.4\mvn_repo\org\projectlombok\lombok\1.18.24\lombok-1.18.24.jar;D:\software\apache-maven-3.8.4\mvn_repo\org\springframework\boot\spring-boot-configuration-processor\2.7.1\spring-boot-configuration-processor-2.7.1.jar;D:\software\apache-maven-3.8.4\mvn_repo\org\springframework\boot\spring-boot-starter-actuator\2.7.1\spring-boot-starter-actuator-2.7.1.jar;D:\software\apache-maven-3.8.4\mvn_repo\org\springframework\boot\spring-boot-actuator-autoconfigure\2.7.1\spring-boot-actuator-autoconfigure-2.7.1.jar;D:\software\apache-maven-3.8.4\mvn_repo\org\springframework\boot\spring-boot-actuator\2.7.1\spring-boot-actuator-2.7.1.jar;D:\software\apache-maven-3.8.4\mvn_repo\io\micrometer\micrometer-core\1.9.1\micrometer-core-1.9.1.jar;D:\software\apache-maven-3.8.4\mvn_repo\org\hdrhistogram\HdrHistogram\2.1.12\HdrHistogram-2.1.12.jar;D:\software\apache-maven-3.8.4\mvn_repo\org\latencyutils\LatencyUtils\2.0.3\LatencyUtils-2.0.3.jar;D:\software\apache-maven-3.8.4\mvn_repo\org\springframework\boot\spring-boot-starter-test\2.7.1\spring-boot-starter-test-2.7.1.jar;D:\software\apache-maven-3.8.4\mvn_repo\org\springframework\boot\spring-boot-test\2.7.1\spring-boot-test-2.7.1.jar;D:\software\apache-maven-3.8.4\mvn_repo\org\springframework\boot\spring-boot-test-autoconfigure\2.7.1\spring-boot-test-autoconfigure-2.7.1.jar;D:\software\apache-maven-3.8.4\mvn_repo\com\jayway\jsonpath\json-path\2.7.0\json-path-2.7.0.jar;D:\software\apache-maven-3.8.4\mvn_repo\net\minidev\json-smart\2.4.8\json-smart-2.4.8.jar;D:\software\apache-maven-3.8.4\mvn_repo\net\minidev\accessors-smart\2.4.8\accessors-smart-2.4.8.jar;D:\software\apache-maven-3.8.4\mvn_repo\org\ow2\asm\asm\9.1\asm-9.1.jar;D:\software\apache-maven-3.8.4\mvn_repo\jakarta\xml\bind\jakarta.xml.bind-api\2.3.3\jakarta.xml.bind-api-2.3.3.jar;D:\software\apache-maven-3.8.4\mvn_repo\jakarta\activation\jakarta.activation-api\1.2.2\jakarta.activation-api-1.2.2.jar;D:\software\apache-maven-3.8.4\mvn_repo\org\assertj\assertj-core\3.22.0\assertj-core-3.22.0.jar;D:\software\apache-maven-3.8.4\mvn_repo\org\hamcrest\hamcrest\2.2\hamcrest-2.2.jar;D:\software\apache-maven-3.8.4\mvn_repo\org\junit\jupiter\junit-jupiter\5.8.2\junit-jupiter-5.8.2.jar;D:\software\apache-maven-3.8.4\mvn_repo\org\junit\jupiter\junit-jupiter-api\5.8.2\junit-jupiter-api-5.8.2.jar;D:\software\apache-maven-3.8.4\mvn_repo\org\opentest4j\opentest4j\1.2.0\opentest4j-1.2.0.jar;D:\software\apache-maven-3.8.4\mvn_repo\org\junit\platform\junit-platform-commons\1.8.2\junit-platform-commons-1.8.2.jar;D:\software\apache-maven-3.8.4\mvn_repo\org\apiguardian\apiguardian-api\1.1.2\apiguardian-api-1.1.2.jar;D:\software\apache-maven-3.8.4\mvn_repo\org\junit\jupiter\junit-jupiter-params\5.8.2\junit-jupiter-params-5.8.2.jar;D:\software\apache-maven-3.8.4\mvn_repo\org\junit\jupiter\junit-jupiter-engine\5.8.2\junit-jupiter-engine-5.8.2.jar;D:\software\apache-maven-3.8.4\mvn_repo\org\junit\platform\junit-platform-engine\1.8.2\junit-platform-engine-1.8.2.jar;D:\software\apache-maven-3.8.4\mvn_repo\org\mockito\mockito-core\4.5.1\mockito-core-4.5.1.jar;D:\software\apache-maven-3.8.4\mvn_repo\net\bytebuddy\byte-buddy\1.12.11\byte-buddy-1.12.11.jar;D:\software\apache-maven-3.8.4\mvn_repo\net\bytebuddy\byte-buddy-agent\1.12.11\byte-buddy-agent-1.12.11.jar;D:\software\apache-maven-3.8.4\mvn_repo\org\objenesis\objenesis\3.2\objenesis-3.2.jar;D:\software\apache-maven-3.8.4\mvn_repo\org\mockito\mockito-junit-jupiter\4.5.1\mockito-junit-jupiter-4.5.1.jar;D:\software\apache-maven-3.8.4\mvn_repo\org\skyscreamer\jsonassert\1.5.0\jsonassert-1.5.0.jar;D:\software\apache-maven-3.8.4\mvn_repo\com\vaadin\external\google\android-json\0.0.20131108.vaadin1\android-json-0.0.20131108.vaadin1.jar;D:\software\apache-maven-3.8.4\mvn_repo\org\springframework\spring-core\5.3.21\spring-core-5.3.21.jar;D:\software\apache-maven-3.8.4\mvn_repo\org\springframework\spring-jcl\5.3.21\spring-jcl-5.3.21.jar;D:\software\apache-maven-3.8.4\mvn_repo\org\springframework\spring-test\5.3.21\spring-test-5.3.21.jar;D:\software\apache-maven-3.8.4\mvn_repo\org\xmlunit\xmlunit-core\2.9.0\xmlunit-core-2.9.0.jar;"/>
    <property name="sun.cpu.endian" value="little"/>
    <property name="user.home" value="C:\Users\zcz"/>
    <property name="user.language" value="zh"/>
    <property name="java.specification.vendor" value="Oracle Corporation"/>
    <property name="java.home" value="D:\Java\jre"/>
    <property name="basedir" value="D:\Study\project\管理系统\back"/>
    <property name="file.separator" value="\"/>
    <property name="line.separator" value="&#10;"/>
    <property name="java.vm.specification.vendor" value="Oracle Corporation"/>
    <property name="java.specification.name" value="Java Platform API Specification"/>
    <property name="java.awt.graphicsenv" value="sun.awt.Win32GraphicsEnvironment"/>
    <property name="surefire.real.class.path" value="C:\Users\zcz\AppData\Local\Temp\surefire5359694662957537262\surefirebooter6056488313938617481.jar"/>
    <property name="sun.boot.class.path" value="D:\Java\jre\lib\resources.jar;D:\Java\jre\lib\rt.jar;D:\Java\jre\lib\sunrsasign.jar;D:\Java\jre\lib\jsse.jar;D:\Java\jre\lib\jce.jar;D:\Java\jre\lib\charsets.jar;D:\Java\jre\lib\jfr.jar;D:\Java\jre\classes"/>
    <property name="user.script" value=""/>
    <property name="sun.management.compiler" value="HotSpot 64-Bit Tiered Compilers"/>
    <property name="java.runtime.version" value="1.8.0_321-b07"/>
    <property name="user.name" value="zcz"/>
    <property name="path.separator" value=";"/>
    <property name="os.version" value="10.0"/>
    <property name="java.endorsed.dirs" value="D:\Java\jre\lib\endorsed"/>
    <property name="java.runtime.name" value="Java(TM) SE Runtime Environment"/>
    <property name="file.encoding" value="GBK"/>
    <property name="java.vm.name" value="Java HotSpot(TM) 64-Bit Server VM"/>
    <property name="localRepository" value="D:\software\apache-maven-3.8.4\mvn_repo"/>
    <property name="java.vendor.url.bug" value="http://bugreport.sun.com/bugreport/"/>
    <property name="java.io.tmpdir" value="C:\Users\zcz\AppData\Local\Temp\"/>
    <property name="idea.version" value="2021.3.1"/>
    <property name="java.version" value="1.8.0_321"/>
    <property name="user.dir" value="D:\Study\project\管理系统\back"/>
    <property name="os.arch" value="amd64"/>
    <property name="java.vm.specification.name" value="Java Virtual Machine Specification"/>
    <property name="java.awt.printerjob" value="sun.awt.windows.WPrinterJob"/>
    <property name="sun.os.patch.level" value=""/>
    <property name="java.library.path" value="D:\Java\jre\bin;C:\WINDOWS\Sun\Java\bin;C:\WINDOWS\system32;C:\WINDOWS;D:\software\Oracle19c\WINDOWS.X64_193000_db_home\bin;D:\BaiduNetdiskDownload\WINDOWS.X64_193000_db_home\bin;C:\Program Files (x86)\Common Files\Oracle\Java\javapath;C:\Program Files\Microsoft MPI\Bin\;D:\Python3.9.7\Scripts\;D:\Python3.9.7\;\Python3.9\Scripts\;D:\Python3.9\;C:\Windows\system32;C:\Windows;C:\Windows\System32\Wbem;C:\Windows\System32\WindowsPowerShell\v1.0\;C:\Windows\System32\OpenSSH\;C:\Program Files (x86)\NVIDIA Corporation\PhysX\Common;C:\Program Files\NVIDIA Corporation\NVIDIA NvDLISR;C:\Program Files\dotnet\;D:\jdk\bin;ystemRoot%\system32;C:\WINDOWS;C:\WINDOWS\System32\Wbem;C:\WINDOWS\System32\WindowsPowerShell\v1.0\;C:\WINDOWS\System32\OpenSSH\;C:\Program Files\Microsoft SQL Server\130\Tools\Binn\;C:\Program Files\Microsoft SQL Server\Client SDK\ODBC\170\Tools\Binn\;D:\software\mingw64\bin;D:\software\Git\Git\cmd;D:\software\apache-maven-3.8.4\bin;D:\software\vim\vim82;C:\Program Files (x86)\dotnet\;C:\windows\System32\Wbem;D:\software\node\;C:\Program Files\MySQL\MySQL Server 8.0\bin\;C:\Users\zcz\AppData\Local\Microsoft\WindowsApps;C:\Users\zcz\.dotnet\tools;D:\软件\Pycharm\PyCharm 2020.1\bin;;D:\软件\Pycharm\PyCharm Community Edition 2021.1.1\bin;;D:\软件\idea\IntelliJ IDEA Community Edition 2021.1.1\bin;;D:\软件\bandzip\;D:\软件\IDEA2020\IntelliJ IDEA 2020.1\bin;;D:\java\bin;%JAVA_HONE%\jre\bin;D:\software\vscode\Microsoft VS Code\bin;C:\Users\zcz\AppData\Roaming\npm;."/>
    <property name="java.vm.info" value="mixed mode"/>
    <property name="java.vendor" value="Oracle Corporation"/>
    <property name="java.vm.version" value="25.321-b07"/>
    <property name="java.ext.dirs" value="D:\Java\jre\lib\ext;C:\WINDOWS\Sun\Java\lib\ext"/>
    <property name="sun.io.unicode.encoding" value="UnicodeLittle"/>
    <property name="maven.repo.local" value="D:\software\apache-maven-3.8.4\mvn_repo"/>
    <property name="java.class.version" value="52.0"/>
  </properties>
  <testcase name="contextLoads" classname="cn.edu.wzut.BackApplicationTests" time="0.794"/>
</testsuite>